#
# A fatal error has been detected by the Java Runtime Environment:
#
#  EXCEPTION_ACCESS_VIOLATION (0xc0000005) at pc=0x6d9a50ac, pid=5060, tid=5656
#
# JRE version: 6.0_23-b05
# Java VM: Java HotSpot(TM) Client VM (19.0-b09 mixed mode, sharing windows-x86 )
# Problematic frame:
# V  [jvm.dll+0x1050ac]
#
# If you would like to submit a bug report, please visit:
#   http://java.sun.com/webapps/bugreport/crash.jsp
#

---------------  T H R E A D  ---------------

Current thread (0x002b6c00):  JavaThread "main" [_thread_in_vm, id=5656, stack(0x008c0000,0x00910000)]

siginfo: ExceptionCode=0xc0000005, reading address 0x00000000

Registers:
EAX=0x002b740c, EBX=0x3299a7c8, ECX=0x00000000, EDX=0x002b7020
ESP=0x0090fb8c, EBP=0x0090fbb8, ESI=0x002b6960, EDI=0x002b6c00
EIP=0x6d9a50ac, EFLAGS=0x00010246

Register to memory mapping:

EAX=0x002b740c
0x002b740c is pointing to unknown location

EBX=0x3299a7c8
{method} 
 - klass: {other class}

ECX=0x00000000
0x00000000 is pointing to unknown location

EDX=0x002b7020
0x002b7020 is pointing to unknown location

ESP=0x0090fb8c
0x0090fb8c is pointing into the stack for thread: 0x002b6c00
"main" prio=6 tid=0x002b6c00 nid=0x1618 runnable [0x0090f000]
   java.lang.Thread.State: RUNNABLE

EBP=0x0090fbb8
0x0090fbb8 is pointing into the stack for thread: 0x002b6c00
"main" prio=6 tid=0x002b6c00 nid=0x1618 runnable [0x0090f000]
   java.lang.Thread.State: RUNNABLE

ESI=0x002b6960
0x002b6960 is pointing to unknown location

EDI=0x002b6c00
"main" prio=6 tid=0x002b6c00 nid=0x1618 runnable [0x0090f000]
   java.lang.Thread.State: RUNNABLE


Top of Stack: (sp=0x0090fb8c)
0x0090fb8c:   002b6c00 3299a7c8 3299a7c8 002b7020
0x0090fb9c:   002b7018 002b7018 002b740c 002b6c00
0x0090fbac:   00000000 000000b7 000152a8 0090fbe8
0x0090fbbc:   6988133d 002b6c00 00000000 00000000
0x0090fbcc:   00000008 002b6c00 3299a7c8 3299a7c8
0x0090fbdc:   0090fc30 00919ec7 002b6c00 0090fc30
0x0090fbec:   00919fc7 002b6d18 0090fc48 00000000
0x0090fbfc:   00000000 002b7438 002b7458 002b7458 

Instructions: (pc=0x6d9a50ac)
0x6d9a509c:   04 8b 46 0c 8b 56 08 89 4d e4 8b 4d 0c 89 45 ec
0x6d9a50ac:   8b 01 50 89 55 e8 e8 39 18 ff ff 83 c4 04 8b f8 


Stack: [0x008c0000,0x00910000],  sp=0x0090fb8c,  free space=318k
Native frames: (J=compiled Java code, j=interpreted, Vv=VM code, C=native code)
V  [jvm.dll+0x1050ac]
C  [discid-java.dll+0x133d]
j  org.musicbrainz.discid.LibDiscId.read(ILjava/lang/String;)Z+0
j  org.musicbrainz.discid.LibDiscId.read(Ljava/lang/String;)V+6
j  org.musicbrainz.discid.LibDiscId.<init>(Ljava/lang/String;)V+37
j  org.musicbrainz.discid.DiscInfo.read(Ljava/lang/String;)Lorg/musicbrainz/discid/DiscInfo;+5
j  org.musicbrainz.discid.DiscInfo.read()Lorg/musicbrainz/discid/DiscInfo;+1
j  test.org.musicbrainz.discid.Query.main([Ljava/lang/String;)V+24
v  ~StubRoutines::call_stub
V  [jvm.dll+0xf33c9]
V  [jvm.dll+0x188a91]
V  [jvm.dll+0xf344d]
V  [jvm.dll+0xfce3c]
V  [jvm.dll+0x104a8d]
C  [java.exe+0x2155]
C  [java.exe+0x85b4]
C  [kernel32.dll+0xb729]

Java frames: (J=compiled Java code, j=interpreted, Vv=VM code)
j  org.musicbrainz.discid.LibDiscId.read(ILjava/lang/String;)Z+0
j  org.musicbrainz.discid.LibDiscId.read(Ljava/lang/String;)V+6
j  org.musicbrainz.discid.LibDiscId.<init>(Ljava/lang/String;)V+37
j  org.musicbrainz.discid.DiscInfo.read(Ljava/lang/String;)Lorg/musicbrainz/discid/DiscInfo;+5
j  org.musicbrainz.discid.DiscInfo.read()Lorg/musicbrainz/discid/DiscInfo;+1
j  test.org.musicbrainz.discid.Query.main([Ljava/lang/String;)V+24
v  ~StubRoutines::call_stub

---------------  P R O C E S S  ---------------

Java Threads: ( => current thread )
  0x02b57c00 JavaThread "Low Memory Detector" daemon [_thread_blocked, id=4916, stack(0x02dd0000,0x02e20000)]
  0x02b52800 JavaThread "CompilerThread0" daemon [_thread_blocked, id=5956, stack(0x02d80000,0x02dd0000)]
  0x02b50000 JavaThread "Attach Listener" daemon [_thread_blocked, id=1536, stack(0x02d30000,0x02d80000)]
  0x02b4ec00 JavaThread "Signal Dispatcher" daemon [_thread_blocked, id=4848, stack(0x02ce0000,0x02d30000)]
  0x02b10800 JavaThread "Finalizer" daemon [_thread_blocked, id=4248, stack(0x02c90000,0x02ce0000)]
  0x02b0c000 JavaThread "Reference Handler" daemon [_thread_blocked, id=5024, stack(0x02c40000,0x02c90000)]
=>0x002b6c00 JavaThread "main" [_thread_in_vm, id=5656, stack(0x008c0000,0x00910000)]

Other Threads:
  0x02b0a800 VMThread [stack: 0x02bf0000,0x02c40000] [id=5168]
  0x02b5a400 WatcherThread [stack: 0x02e20000,0x02e70000] [id=6020]

VM state:not at safepoint (normal execution)

VM Mutex/Monitor currently owned by a thread: None

Heap
 def new generation   total 4928K, used 281K [0x22990000, 0x22ee0000, 0x27ee0000)
  eden space 4416K,   6% used [0x22990000, 0x229d6480, 0x22de0000)
  from space 512K,   0% used [0x22de0000, 0x22de0000, 0x22e60000)
  to   space 512K,   0% used [0x22e60000, 0x22e60000, 0x22ee0000)
 tenured generation   total 10944K, used 0K [0x27ee0000, 0x28990000, 0x32990000)
   the space 10944K,   0% used [0x27ee0000, 0x27ee0000, 0x27ee0200, 0x28990000)
 compacting perm gen  total 12288K, used 47K [0x32990000, 0x33590000, 0x36990000)
   the space 12288K,   0% used [0x32990000, 0x3299be00, 0x3299be00, 0x33590000)
    ro space 10240K,  54% used [0x36990000, 0x36f0c6b0, 0x36f0c800, 0x37390000)
    rw space 12288K,  55% used [0x37390000, 0x37a301f0, 0x37a30200, 0x37f90000)

Dynamic libraries:
0x00400000 - 0x00424000 	C:\Programmi\Java\jdk1.6.0_23\bin\java.exe
0x7c910000 - 0x7c9c8000 	C:\WINDOWS\system32\ntdll.dll
0x7c800000 - 0x7c901000 	C:\WINDOWS\system32\kernel32.dll
0x77f40000 - 0x77feb000 	C:\WINDOWS\system32\ADVAPI32.dll
0x77da0000 - 0x77e33000 	C:\WINDOWS\system32\RPCRT4.dll
0x77f10000 - 0x77f21000 	C:\WINDOWS\system32\Secur32.dll
0x7c340000 - 0x7c396000 	C:\Programmi\Java\jdk1.6.0_23\jre\bin\msvcr71.dll
0x6d8a0000 - 0x6db4c000 	C:\Programmi\Java\jdk1.6.0_23\jre\bin\client\jvm.dll
0x7e390000 - 0x7e421000 	C:\WINDOWS\system32\USER32.dll
0x77e40000 - 0x77e89000 	C:\WINDOWS\system32\GDI32.dll
0x76b00000 - 0x76b2e000 	C:\WINDOWS\system32\WINMM.dll
0x76340000 - 0x7635d000 	C:\WINDOWS\system32\IMM32.DLL
0x62e40000 - 0x62e49000 	C:\WINDOWS\system32\LPK.DLL
0x74d20000 - 0x74d8b000 	C:\WINDOWS\system32\USP10.dll
0x6d850000 - 0x6d85c000 	C:\Programmi\Java\jdk1.6.0_23\jre\bin\verify.dll
0x6d3d0000 - 0x6d3ef000 	C:\Programmi\Java\jdk1.6.0_23\jre\bin\java.dll
0x6d330000 - 0x6d338000 	C:\Programmi\Java\jdk1.6.0_23\jre\bin\hpi.dll
0x76bb0000 - 0x76bbb000 	C:\WINDOWS\system32\PSAPI.DLL
0x6d890000 - 0x6d89f000 	C:\Programmi\Java\jdk1.6.0_23\jre\bin\zip.dll
0x69880000 - 0x6988b000 	C:\WINDOWS\system32\discid-java.dll
0x77be0000 - 0x77c38000 	C:\WINDOWS\system32\msvcrt.dll
0x6e440000 - 0x6e452000 	C:\WINDOWS\system32\libdiscid.dll

VM Arguments:
jvm_args: -Dfile.encoding=UTF-8 
java_command: test.org.musicbrainz.discid.Query
Launcher Type: SUN_STANDARD

Environment Variables:
JAVA_HOME=C:\Programmi\Java\jdk1.6.0_18
PATH=C:\Programmi\PC Connectivity Solution\;C:\ant\bin;C:\Perl\site\bin;C:\Perl\bin;C:\Programmi\ActiveState Komodo Edit 5\;C:\WINDOWS\system32;C:\WINDOWS;C:\WINDOWS\System32\Wbem;C:\Programmi\File comuni\Roxio Shared\9.0\DLLShared\;C:\Programmi\InfoCert\DiKe\;C:\Programmi\File comuni\Roxio Shared\DLLShared\;C:\Programmi\File comuni\Roxio Shared\9.0\DLLShared\;C:\Programmi\QuickTime\QTSystem\;C:\strawberry\c\bin;C:\strawberry\perl\bin;C:\Programmi\Microsoft SQL Server\100\Tools\Binn\;C:\Programmi\Microsoft SQL Server\100\DTS\Binn\;C:\Programmi\CMake 2.8\bin;C:\WINDOWS\system32\WindowsPowerShell\v1.0;C:\MinGW\bin;C:\Programmi\File comuni\Ahead\Lib\;C:\Programmi\File comuni\Ahead\Lib\;C:\Programmi\File comuni\Ahead\Lib\;C:\Programmi\File comuni\Ahead\Lib\;C:\Programmi\File comuni\Ahead\Lib\;C:\Programmi\File comuni\Ahead\Lib\
USERNAME=marco
OS=Windows_NT
PROCESSOR_IDENTIFIER=x86 Family 15 Model 67 Stepping 3, AuthenticAMD



---------------  S Y S T E M  ---------------

OS: Windows XP Build 2600 Service Pack 3

CPU:total 2 (2 cores per cpu, 1 threads per core) family 15 model 67 stepping 3, cmov, cx8, fxsr, mmx, sse, sse2, sse3, mmxext, 3dnow, 3dnowext

Memory: 4k page, physical 3145004k(1908768k free), swap 5074188k(3621064k free)

vm_info: Java HotSpot(TM) Client VM (19.0-b09) for windows-x86 JRE (1.6.0_23-b05), built on Nov 12 2010 15:00:43 by "java_re" with MS VC++ 7.1 (VS2003)

time: Sun Dec 25 17:25:44 2011
elapsed time: 0 seconds

